0-02-0
running 0-02-0
host is 0
0-02-001
running 0-02-001
host is 1
0-02-1
0-02-4
0-2-0
running 0-2-0
host is 2
0-2-001
running 0-2-001
host is 0
0-2-1
0-2-4
0-4-0
running 0-4-0
host is 1
0-4-001
running 0-4-001
host is 2
0-4-1
0-4-4
0-10-0
running 0-10-0
host is 0
0-10-001
running 0-10-001
host is 1
0-10-1
0-10-4
0-0-0
running 0-0-0
setupscripts.sh: line 26: /home/mansbac2/coarsegraining/patchy/analysis/0-0-0/fractald_extract.py: No such file or directory
sed: can't read /home/mansbac2/coarsegraining/patchy/analysis/0-0-0/fractald_extract.py: No such file or directory
sed: can't read /home/mansbac2/coarsegraining/patchy/analysis/0-0-0/fractald_extract.py: No such file or directory
sed: can't read /home/mansbac2/coarsegraining/patchy/analysis/0-0-0/fractald_extract.py: No such file or directory
setupscripts.sh: line 26: /home/mansbac2/coarsegraining/patchy/analysis/0-0-0/run-fd-extract.sge: No such file or directory
sed: can't read /home/mansbac2/coarsegraining/patchy/analysis/0-0-0/run-fd-extract.sge: No such file or directory
sed: can't read /home/mansbac2/coarsegraining/patchy/analysis/0-0-0/run-fd-extract.sge: No such file or directory
sed: can't read /home/mansbac2/coarsegraining/patchy/analysis/0-0-0/run-fd-extract.sge: No such file or directory
setupscripts.sh: line 26: /home/mansbac2/coarsegraining/patchy/analysis/0-0-0/run-held-cluster-analysis.sh: No such file or directory
sed: can't read /home/mansbac2/coarsegraining/patchy/analysis/0-0-0/run-held-cluster-analysis.sh: No such file or directory
sed: can't read /home/mansbac2/coarsegraining/patchy/analysis/0-0-0/run-held-cluster-analysis.sh: No such file or directory
sed: can't read /home/mansbac2/coarsegraining/patchy/analysis/0-0-0/run-held-cluster-analysis.sh: No such file or directory
setupscripts.sh: line 26: /home/mansbac2/coarsegraining/patchy/analysis/0-0-0/analyze_clusters_MPI.py: No such file or directory
sed: can't read /home/mansbac2/coarsegraining/patchy/analysis/0-0-0/analyze_clusters_MPI.py: No such file or directory
sed: can't read /home/mansbac2/coarsegraining/patchy/analysis/0-0-0/analyze_clusters_MPI.py: No such file or directory
sed: can't read /home/mansbac2/coarsegraining/patchy/analysis/0-0-0/analyze_clusters_MPI.py: No such file or directory
setupscripts.sh: line 26: /home/mansbac2/coarsegraining/patchy/analysis/0-0-0/analyze_cut_mu2.py: No such file or directory
sed: can't read /home/mansbac2/coarsegraining/patchy/analysis/0-0-0/analyze_cut_mu2.py: No such file or directory
sed: can't read /home/mansbac2/coarsegraining/patchy/analysis/0-0-0/analyze_cut_mu2.py: No such file or directory
sed: can't read /home/mansbac2/coarsegraining/patchy/analysis/0-0-0/analyze_cut_mu2.py: No such file or directory
setupscripts.sh: line 26: /home/mansbac2/coarsegraining/patchy/analysis/0-0-0/run-mu2-analyze.sge: No such file or directory
sed: can't read /home/mansbac2/coarsegraining/patchy/analysis/0-0-0/run-mu2-analyze.sge: No such file or directory
sed: can't read /home/mansbac2/coarsegraining/patchy/analysis/0-0-0/run-mu2-analyze.sge: No such file or directory
sed: can't read /home/mansbac2/coarsegraining/patchy/analysis/0-0-0/run-mu2-analyze.sge: No such file or directory
setupscripts.sh: line 26: /home/mansbac2/coarsegraining/patchy/analysis/0-0-0/fix_misplaced_aroms.py: No such file or directory
sed: can't read /home/mansbac2/coarsegraining/patchy/analysis/0-0-0/fix_misplaced_aroms.py: No such file or directory
sed: can't read /home/mansbac2/coarsegraining/patchy/analysis/0-0-0/fix_misplaced_aroms.py: No such file or directory
sed: can't read /home/mansbac2/coarsegraining/patchy/analysis/0-0-0/fix_misplaced_aroms.py: No such file or directory
setupscripts.sh: line 26: /home/mansbac2/coarsegraining/patchy/analysis/0-0-0/run-misplaced-aroms.sge: No such file or directory
sed: can't read /home/mansbac2/coarsegraining/patchy/analysis/0-0-0/run-misplaced-aroms.sge: No such file or directory
sed: can't read /home/mansbac2/coarsegraining/patchy/analysis/0-0-0/run-misplaced-aroms.sge: No such file or directory
sed: can't read /home/mansbac2/coarsegraining/patchy/analysis/0-0-0/run-misplaced-aroms.sge: No such file or directory
setupscripts.sh: line 26: /home/mansbac2/coarsegraining/patchy/analysis/0-0-0/corrdim_timing.py: No such file or directory
sed: can't read /home/mansbac2/coarsegraining/patchy/analysis/0-0-0/corrdim_timing.py: No such file or directory
sed: can't read /home/mansbac2/coarsegraining/patchy/analysis/0-0-0/corrdim_timing.py: No such file or directory
sed: can't read /home/mansbac2/coarsegraining/patchy/analysis/0-0-0/corrdim_timing.py: No such file or directory
setupscripts.sh: line 26: /home/mansbac2/coarsegraining/patchy/analysis/0-0-0/run-corrdim-analyze.sge: No such file or directory
sed: can't read /home/mansbac2/coarsegraining/patchy/analysis/0-0-0/run-corrdim-analyze.sge: No such file or directory
sed: can't read /home/mansbac2/coarsegraining/patchy/analysis/0-0-0/run-corrdim-analyze.sge: No such file or directory
sed: can't read /home/mansbac2/coarsegraining/patchy/analysis/0-0-0/run-corrdim-analyze.sge: No such file or directory
setupscripts.sh: line 32: /home/mansbac2/coarsegraining/patchy/analysis/0-0-0/run-mpi-cutoff-test.sge: No such file or directory
sed: can't read /home/mansbac2/coarsegraining/patchy/analysis/0-0-0/run-mpi-cutoff-test.sge: No such file or directory
sed: can't read /home/mansbac2/coarsegraining/patchy/analysis/0-0-0/run-mpi-cutoff-test.sge: No such file or directory
sed: can't read /home/mansbac2/coarsegraining/patchy/analysis/0-0-0/run-mpi-cutoff-test.sge: No such file or directory
sed: can't read /home/mansbac2/coarsegraining/patchy/analysis/0-0-0/run-mpi-cutoff-test.sge: No such file or directory
sed: can't read /home/mansbac2/coarsegraining/patchy/analysis/0-0-0/run-mpi-cutoff-test.sge: No such file or directory
host is 2
0-0-001
running 0-0-001
host is 0
0-0-1
0-0-4
37-02-0
running 37-02-0
host is 1
37-02-001
running 37-02-001
host is 2
37-02-1
37-02-4
37-2-0
running 37-2-0
host is 0
37-2-001
running 37-2-001
host is 1
37-2-1
37-2-4
37-4-0
running 37-4-0
host is 2
37-4-001
running 37-4-001
host is 0
37-4-1
37-4-4
37-10-0
running 37-10-0
host is 1
37-10-001
running 37-10-001
host is 2
37-10-1
37-10-4
37-0-0
running 37-0-0
host is 0
37-0-001
running 37-0-001
host is 1
37-0-1
37-0-4
185-02-0
running 185-02-0
host is 2
185-02-001
running 185-02-001
host is 0
185-02-1
185-02-4
185-2-0
running 185-2-0
host is 1
185-2-001
running 185-2-001
host is 2
185-2-1
185-2-4
185-4-0
running 185-4-0
host is 0
185-4-001
running 185-4-001
host is 1
185-4-1
185-4-4
185-10-0
running 185-10-0
host is 2
185-10-001
running 185-10-001
host is 0
185-10-1
185-10-4
185-0-0
running 185-0-0
host is 1
185-0-001
running 185-0-001
host is 2
185-0-1
185-0-4
370-02-0
running 370-02-0
host is 0
370-02-001
running 370-02-001
host is 1
370-02-1
370-02-4
370-2-0
running 370-2-0
host is 2
370-2-001
running 370-2-001
host is 0
370-2-1
370-2-4
370-4-0
running 370-4-0
host is 1
370-4-001
running 370-4-001
host is 2
370-4-1
370-4-4
370-10-0
running 370-10-0
host is 0
370-10-001
running 370-10-001
host is 1
370-10-1
370-10-4
370-0-0
running 370-0-0
host is 2
370-0-001
running 370-0-001
host is 0
370-0-1
370-0-4
740-02-0
running 740-02-0
host is 1
740-02-001
running 740-02-001
host is 2
740-02-1
740-02-4
740-2-0
running 740-2-0
host is 0
740-2-001
running 740-2-001
host is 1
740-2-1
740-2-4
740-4-0
running 740-4-0
host is 2
740-4-001
running 740-4-001
host is 0
740-4-1
740-4-4
740-10-0
running 740-10-0
host is 1
740-10-001
running 740-10-001
host is 2
740-10-1
740-10-4
740-0-0
running 740-0-0
host is 0
740-0-001
running 740-0-001
host is 1
740-0-1
740-0-4
